2026-01-03 10:42:59,475 | INFO | Início da execução.
2026-01-03 10:48:05,826 | INFO | Início da execução.
2026-01-03 11:35:03,651 | INFO | Início da execução.
2026-01-03 11:39:13,183 | INFO | Início da execução.
2026-01-03 11:46:58,197 | INFO | Início da execução.
2026-01-03 11:47:14,147 | INFO | Iniciando consulta da OS: 7374.0745.001030944/2025.01.01
2026-01-03 11:47:14,148 | ERROR | Erro ao consultar OS 7374.0745.001030944/2025.01.01: Frame.wait_for_selector() takes 2 positional arguments but 3 were given
Traceback (most recent call last):
  File "c:\Users\Clean\Desktop\Automacao_OS\automacao_os.py", line 298, in <module>
    abrir_menu_e_navegar(page)
    ~~~~~~~~~~~~~~~~~~~~^^^^^^
  File "c:\Users\Clean\Desktop\Automacao_OS\automacao_os.py", line 97, in abrir_menu_e_navegar
    frame.wait_for_selector(Locators_SIOPI["menu"], Timeouts["PADRAO"])
    ~~~~~~~~~~~~~~~~~~~~~~~^^^^^^^^^^^^^^^^^^^^^^^^^^^^^^^^^^^^^^^^^^^^
TypeError: Frame.wait_for_selector() takes 2 positional arguments but 3 were given
2026-01-03 11:47:14,150 | INFO | Iniciando consulta da OS: 7374.0745.001037363/2025.01.01
2026-01-03 11:47:14,151 | ERROR | Erro ao consultar OS 7374.0745.001037363/2025.01.01: Frame.wait_for_selector() takes 2 positional arguments but 3 were given
Traceback (most recent call last):
  File "c:\Users\Clean\Desktop\Automacao_OS\automacao_os.py", line 298, in <module>
    abrir_menu_e_navegar(page)
    ~~~~~~~~~~~~~~~~~~~~^^^^^^
  File "c:\Users\Clean\Desktop\Automacao_OS\automacao_os.py", line 97, in abrir_menu_e_navegar
    frame.wait_for_selector(Locators_SIOPI["menu"], Timeouts["PADRAO"])
    ~~~~~~~~~~~~~~~~~~~~~~~^^^^^^^^^^^^^^^^^^^^^^^^^^^^^^^^^^^^^^^^^^^^
TypeError: Frame.wait_for_selector() takes 2 positional arguments but 3 were given
2026-01-03 11:47:14,152 | INFO | Iniciando consulta da OS: 7374.0745.000000840/2026.01.01
2026-01-03 11:47:14,152 | ERROR | Erro ao consultar OS 7374.0745.000000840/2026.01.01: Frame.wait_for_selector() takes 2 positional arguments but 3 were given
Traceback (most recent call last):
  File "c:\Users\Clean\Desktop\Automacao_OS\automacao_os.py", line 298, in <module>
    abrir_menu_e_navegar(page)
    ~~~~~~~~~~~~~~~~~~~~^^^^^^
  File "c:\Users\Clean\Desktop\Automacao_OS\automacao_os.py", line 97, in abrir_menu_e_navegar
    frame.wait_for_selector(Locators_SIOPI["menu"], Timeouts["PADRAO"])
    ~~~~~~~~~~~~~~~~~~~~~~~^^^^^^^^^^^^^^^^^^^^^^^^^^^^^^^^^^^^^^^^^^^^
TypeError: Frame.wait_for_selector() takes 2 positional arguments but 3 were given
2026-01-03 11:47:14,153 | INFO | Iniciando consulta da OS: 7374.0745.001030912/2025.01.01
2026-01-03 11:47:14,153 | ERROR | Erro ao consultar OS 7374.0745.001030912/2025.01.01: Frame.wait_for_selector() takes 2 positional arguments but 3 were given
Traceback (most recent call last):
  File "c:\Users\Clean\Desktop\Automacao_OS\automacao_os.py", line 298, in <module>
    abrir_menu_e_navegar(page)
    ~~~~~~~~~~~~~~~~~~~~^^^^^^
  File "c:\Users\Clean\Desktop\Automacao_OS\automacao_os.py", line 97, in abrir_menu_e_navegar
    frame.wait_for_selector(Locators_SIOPI["menu"], Timeouts["PADRAO"])
    ~~~~~~~~~~~~~~~~~~~~~~~^^^^^^^^^^^^^^^^^^^^^^^^^^^^^^^^^^^^^^^^^^^^
TypeError: Frame.wait_for_selector() takes 2 positional arguments but 3 were given
2026-01-03 11:47:14,154 | INFO | Iniciando consulta da OS: 7374.0745.001031011/2025.01.01
2026-01-03 11:47:14,155 | ERROR | Erro ao consultar OS 7374.0745.001031011/2025.01.01: Frame.wait_for_selector() takes 2 positional arguments but 3 were given
Traceback (most recent call last):
  File "c:\Users\Clean\Desktop\Automacao_OS\automacao_os.py", line 298, in <module>
    abrir_menu_e_navegar(page)
    ~~~~~~~~~~~~~~~~~~~~^^^^^^
  File "c:\Users\Clean\Desktop\Automacao_OS\automacao_os.py", line 97, in abrir_menu_e_navegar
    frame.wait_for_selector(Locators_SIOPI["menu"], Timeouts["PADRAO"])
    ~~~~~~~~~~~~~~~~~~~~~~~^^^^^^^^^^^^^^^^^^^^^^^^^^^^^^^^^^^^^^^^^^^^
TypeError: Frame.wait_for_selector() takes 2 positional arguments but 3 were given
2026-01-03 11:53:54,640 | INFO | Início da execução.
2026-01-03 11:54:14,879 | INFO | Iniciando consulta da OS: 7374.0745.001030944/2025.01.01
2026-01-03 11:54:45,454 | ERROR | Erro ao consultar OS 7374.0745.001030944/2025.01.01: Locator.hover: Timeout 30000ms exceeded.
Call log:
  - waiting for get_by_text("text=Serviços")
Traceback (most recent call last):
  File "c:\Users\Clean\Desktop\Automacao_OS\automacao_os.py", line 298, in <module>
    abrir_menu_e_navegar(page)
    ~~~~~~~~~~~~~~~~~~~~^^^^^^
  File "c:\Users\Clean\Desktop\Automacao_OS\automacao_os.py", line 101, in abrir_menu_e_navegar
    frame.get_by_text(Locators_SIOPI["submenu_servicos"]).hover()
    ~~~~~~~~~~~~~~~~~~~~~~~~~~~~~~~~~~~~~~~~~~~~~~~~~~~~~~~~~~~^^
  File "C:\Users\Clean\Desktop\Automacao_OS\.venv\Lib\site-packages\playwright\sync_api\_generated.py", line 17041, in hover
    self._sync(
    ~~~~~~~~~~^
        self._impl_obj.hover(
        ^^^^^^^^^^^^^^^^^^^^^
    ...<6 lines>...
        )
        ^
    )
    ^
  File "C:\Users\Clean\Desktop\Automacao_OS\.venv\Lib\site-packages\playwright\_impl\_sync_base.py", line 115, in _sync
    return task.result()
           ~~~~~~~~~~~^^
  File "C:\Users\Clean\Desktop\Automacao_OS\.venv\Lib\site-packages\playwright\_impl\_locator.py", line 460, in hover
    return await self._frame.hover(
           ^^^^^^^^^^^^^^^^^^^^^^^^
    ...<3 lines>...
    )
    ^
  File "C:\Users\Clean\Desktop\Automacao_OS\.venv\Lib\site-packages\playwright\_impl\_frame.py", line 741, in hover
    await self._channel.send("hover", self._timeout, locals_to_params(locals()))
  File "C:\Users\Clean\Desktop\Automacao_OS\.venv\Lib\site-packages\playwright\_impl\_connection.py", line 69, in send
    return await self._connection.wrap_api_call(
           ^^^^^^^^^^^^^^^^^^^^^^^^^^^^^^^^^^^^^
    ...<3 lines>...
    )
    ^
  File "C:\Users\Clean\Desktop\Automacao_OS\.venv\Lib\site-packages\playwright\_impl\_connection.py", line 559, in wrap_api_call
    raise rewrite_error(error, f"{parsed_st['apiName']}: {error}") from None
playwright._impl._errors.TimeoutError: Locator.hover: Timeout 30000ms exceeded.
Call log:
  - waiting for get_by_text("text=Serviços")

2026-01-03 11:54:45,456 | INFO | Iniciando consulta da OS: 7374.0745.000984849/2025.01.01
2026-01-03 11:55:16,013 | ERROR | Erro ao consultar OS 7374.0745.000984849/2025.01.01: Locator.hover: Timeout 30000ms exceeded.
Call log:
  - waiting for get_by_text("text=Serviços")
Traceback (most recent call last):
  File "c:\Users\Clean\Desktop\Automacao_OS\automacao_os.py", line 298, in <module>
    abrir_menu_e_navegar(page)
    ~~~~~~~~~~~~~~~~~~~~^^^^^^
  File "c:\Users\Clean\Desktop\Automacao_OS\automacao_os.py", line 101, in abrir_menu_e_navegar
    frame.get_by_text(Locators_SIOPI["submenu_servicos"]).hover()
    ~~~~~~~~~~~~~~~~~~~~~~~~~~~~~~~~~~~~~~~~~~~~~~~~~~~~~~~~~~~^^
  File "C:\Users\Clean\Desktop\Automacao_OS\.venv\Lib\site-packages\playwright\sync_api\_generated.py", line 17041, in hover
    self._sync(
    ~~~~~~~~~~^
        self._impl_obj.hover(
        ^^^^^^^^^^^^^^^^^^^^^
    ...<6 lines>...
        )
        ^
    )
    ^
  File "C:\Users\Clean\Desktop\Automacao_OS\.venv\Lib\site-packages\playwright\_impl\_sync_base.py", line 115, in _sync
    return task.result()
           ~~~~~~~~~~~^^
  File "C:\Users\Clean\Desktop\Automacao_OS\.venv\Lib\site-packages\playwright\_impl\_locator.py", line 460, in hover
    return await self._frame.hover(
           ^^^^^^^^^^^^^^^^^^^^^^^^
    ...<3 lines>...
    )
    ^
  File "C:\Users\Clean\Desktop\Automacao_OS\.venv\Lib\site-packages\playwright\_impl\_frame.py", line 741, in hover
    await self._channel.send("hover", self._timeout, locals_to_params(locals()))
  File "C:\Users\Clean\Desktop\Automacao_OS\.venv\Lib\site-packages\playwright\_impl\_connection.py", line 69, in send
    return await self._connection.wrap_api_call(
           ^^^^^^^^^^^^^^^^^^^^^^^^^^^^^^^^^^^^^
    ...<3 lines>...
    )
    ^
  File "C:\Users\Clean\Desktop\Automacao_OS\.venv\Lib\site-packages\playwright\_impl\_connection.py", line 559, in wrap_api_call
    raise rewrite_error(error, f"{parsed_st['apiName']}: {error}") from None
playwright._impl._errors.TimeoutError: Locator.hover: Timeout 30000ms exceeded.
Call log:
  - waiting for get_by_text("text=Serviços")

2026-01-03 11:55:16,015 | INFO | Iniciando consulta da OS: 7374.0745.001002966/2025.01.01
2026-01-03 11:55:46,565 | ERROR | Erro ao consultar OS 7374.0745.001002966/2025.01.01: Locator.hover: Timeout 30000ms exceeded.
Call log:
  - waiting for get_by_text("text=Serviços")
Traceback (most recent call last):
  File "c:\Users\Clean\Desktop\Automacao_OS\automacao_os.py", line 298, in <module>
    abrir_menu_e_navegar(page)
    ~~~~~~~~~~~~~~~~~~~~^^^^^^
  File "c:\Users\Clean\Desktop\Automacao_OS\automacao_os.py", line 101, in abrir_menu_e_navegar
    frame.get_by_text(Locators_SIOPI["submenu_servicos"]).hover()
    ~~~~~~~~~~~~~~~~~~~~~~~~~~~~~~~~~~~~~~~~~~~~~~~~~~~~~~~~~~~^^
  File "C:\Users\Clean\Desktop\Automacao_OS\.venv\Lib\site-packages\playwright\sync_api\_generated.py", line 17041, in hover
    self._sync(
    ~~~~~~~~~~^
        self._impl_obj.hover(
        ^^^^^^^^^^^^^^^^^^^^^
    ...<6 lines>...
        )
        ^
    )
    ^
  File "C:\Users\Clean\Desktop\Automacao_OS\.venv\Lib\site-packages\playwright\_impl\_sync_base.py", line 115, in _sync
    return task.result()
           ~~~~~~~~~~~^^
  File "C:\Users\Clean\Desktop\Automacao_OS\.venv\Lib\site-packages\playwright\_impl\_locator.py", line 460, in hover
    return await self._frame.hover(
           ^^^^^^^^^^^^^^^^^^^^^^^^
    ...<3 lines>...
    )
    ^
  File "C:\Users\Clean\Desktop\Automacao_OS\.venv\Lib\site-packages\playwright\_impl\_frame.py", line 741, in hover
    await self._channel.send("hover", self._timeout, locals_to_params(locals()))
  File "C:\Users\Clean\Desktop\Automacao_OS\.venv\Lib\site-packages\playwright\_impl\_connection.py", line 69, in send
    return await self._connection.wrap_api_call(
           ^^^^^^^^^^^^^^^^^^^^^^^^^^^^^^^^^^^^^
    ...<3 lines>...
    )
    ^
  File "C:\Users\Clean\Desktop\Automacao_OS\.venv\Lib\site-packages\playwright\_impl\_connection.py", line 559, in wrap_api_call
    raise rewrite_error(error, f"{parsed_st['apiName']}: {error}") from None
playwright._impl._errors.TimeoutError: Locator.hover: Timeout 30000ms exceeded.
Call log:
  - waiting for get_by_text("text=Serviços")

2026-01-03 11:55:46,567 | INFO | Iniciando consulta da OS: 7374.0745.001031011/2025.01.01
2026-01-03 11:56:17,121 | ERROR | Erro ao consultar OS 7374.0745.001031011/2025.01.01: Locator.hover: Timeout 30000ms exceeded.
Call log:
  - waiting for get_by_text("text=Serviços")
Traceback (most recent call last):
  File "c:\Users\Clean\Desktop\Automacao_OS\automacao_os.py", line 298, in <module>
    abrir_menu_e_navegar(page)
    ~~~~~~~~~~~~~~~~~~~~^^^^^^
  File "c:\Users\Clean\Desktop\Automacao_OS\automacao_os.py", line 101, in abrir_menu_e_navegar
    frame.get_by_text(Locators_SIOPI["submenu_servicos"]).hover()
    ~~~~~~~~~~~~~~~~~~~~~~~~~~~~~~~~~~~~~~~~~~~~~~~~~~~~~~~~~~~^^
  File "C:\Users\Clean\Desktop\Automacao_OS\.venv\Lib\site-packages\playwright\sync_api\_generated.py", line 17041, in hover
    self._sync(
    ~~~~~~~~~~^
        self._impl_obj.hover(
        ^^^^^^^^^^^^^^^^^^^^^
    ...<6 lines>...
        )
        ^
    )
    ^
  File "C:\Users\Clean\Desktop\Automacao_OS\.venv\Lib\site-packages\playwright\_impl\_sync_base.py", line 115, in _sync
    return task.result()
           ~~~~~~~~~~~^^
  File "C:\Users\Clean\Desktop\Automacao_OS\.venv\Lib\site-packages\playwright\_impl\_locator.py", line 460, in hover
    return await self._frame.hover(
           ^^^^^^^^^^^^^^^^^^^^^^^^
    ...<3 lines>...
    )
    ^
  File "C:\Users\Clean\Desktop\Automacao_OS\.venv\Lib\site-packages\playwright\_impl\_frame.py", line 741, in hover
    await self._channel.send("hover", self._timeout, locals_to_params(locals()))
  File "C:\Users\Clean\Desktop\Automacao_OS\.venv\Lib\site-packages\playwright\_impl\_connection.py", line 69, in send
    return await self._connection.wrap_api_call(
           ^^^^^^^^^^^^^^^^^^^^^^^^^^^^^^^^^^^^^
    ...<3 lines>...
    )
    ^
  File "C:\Users\Clean\Desktop\Automacao_OS\.venv\Lib\site-packages\playwright\_impl\_connection.py", line 559, in wrap_api_call
    raise rewrite_error(error, f"{parsed_st['apiName']}: {error}") from None
playwright._impl._errors.TimeoutError: Locator.hover: Timeout 30000ms exceeded.
Call log:
  - waiting for get_by_text("text=Serviços")

2026-01-03 11:56:17,123 | INFO | Iniciando consulta da OS: 7374.0745.001013100/2025.01.01
2026-01-03 11:56:47,681 | ERROR | Erro ao consultar OS 7374.0745.001013100/2025.01.01: Locator.hover: Timeout 30000ms exceeded.
Call log:
  - waiting for get_by_text("text=Serviços")
Traceback (most recent call last):
  File "c:\Users\Clean\Desktop\Automacao_OS\automacao_os.py", line 298, in <module>
    abrir_menu_e_navegar(page)
    ~~~~~~~~~~~~~~~~~~~~^^^^^^
  File "c:\Users\Clean\Desktop\Automacao_OS\automacao_os.py", line 101, in abrir_menu_e_navegar
    frame.get_by_text(Locators_SIOPI["submenu_servicos"]).hover()
    ~~~~~~~~~~~~~~~~~~~~~~~~~~~~~~~~~~~~~~~~~~~~~~~~~~~~~~~~~~~^^
  File "C:\Users\Clean\Desktop\Automacao_OS\.venv\Lib\site-packages\playwright\sync_api\_generated.py", line 17041, in hover
    self._sync(
    ~~~~~~~~~~^
        self._impl_obj.hover(
        ^^^^^^^^^^^^^^^^^^^^^
    ...<6 lines>...
        )
        ^
    )
    ^
  File "C:\Users\Clean\Desktop\Automacao_OS\.venv\Lib\site-packages\playwright\_impl\_sync_base.py", line 115, in _sync
    return task.result()
           ~~~~~~~~~~~^^
  File "C:\Users\Clean\Desktop\Automacao_OS\.venv\Lib\site-packages\playwright\_impl\_locator.py", line 460, in hover
    return await self._frame.hover(
           ^^^^^^^^^^^^^^^^^^^^^^^^
    ...<3 lines>...
    )
    ^
  File "C:\Users\Clean\Desktop\Automacao_OS\.venv\Lib\site-packages\playwright\_impl\_frame.py", line 741, in hover
    await self._channel.send("hover", self._timeout, locals_to_params(locals()))
  File "C:\Users\Clean\Desktop\Automacao_OS\.venv\Lib\site-packages\playwright\_impl\_connection.py", line 69, in send
    return await self._connection.wrap_api_call(
           ^^^^^^^^^^^^^^^^^^^^^^^^^^^^^^^^^^^^^
    ...<3 lines>...
    )
    ^
  File "C:\Users\Clean\Desktop\Automacao_OS\.venv\Lib\site-packages\playwright\_impl\_connection.py", line 559, in wrap_api_call
    raise rewrite_error(error, f"{parsed_st['apiName']}: {error}") from None
playwright._impl._errors.TimeoutError: Locator.hover: Timeout 30000ms exceeded.
Call log:
  - waiting for get_by_text("text=Serviços")

2026-01-03 11:56:47,683 | INFO | Iniciando consulta da OS: 7374.0745.000974339/2025.01.01
2026-01-03 11:57:18,235 | ERROR | Erro ao consultar OS 7374.0745.000974339/2025.01.01: Locator.hover: Timeout 30000ms exceeded.
Call log:
  - waiting for get_by_text("text=Serviços")
Traceback (most recent call last):
  File "c:\Users\Clean\Desktop\Automacao_OS\automacao_os.py", line 298, in <module>
    abrir_menu_e_navegar(page)
    ~~~~~~~~~~~~~~~~~~~~^^^^^^
  File "c:\Users\Clean\Desktop\Automacao_OS\automacao_os.py", line 101, in abrir_menu_e_navegar
    frame.get_by_text(Locators_SIOPI["submenu_servicos"]).hover()
    ~~~~~~~~~~~~~~~~~~~~~~~~~~~~~~~~~~~~~~~~~~~~~~~~~~~~~~~~~~~^^
  File "C:\Users\Clean\Desktop\Automacao_OS\.venv\Lib\site-packages\playwright\sync_api\_generated.py", line 17041, in hover
    self._sync(
    ~~~~~~~~~~^
        self._impl_obj.hover(
        ^^^^^^^^^^^^^^^^^^^^^
    ...<6 lines>...
        )
        ^
    )
    ^
  File "C:\Users\Clean\Desktop\Automacao_OS\.venv\Lib\site-packages\playwright\_impl\_sync_base.py", line 115, in _sync
    return task.result()
           ~~~~~~~~~~~^^
  File "C:\Users\Clean\Desktop\Automacao_OS\.venv\Lib\site-packages\playwright\_impl\_locator.py", line 460, in hover
    return await self._frame.hover(
           ^^^^^^^^^^^^^^^^^^^^^^^^
    ...<3 lines>...
    )
    ^
  File "C:\Users\Clean\Desktop\Automacao_OS\.venv\Lib\site-packages\playwright\_impl\_frame.py", line 741, in hover
    await self._channel.send("hover", self._timeout, locals_to_params(locals()))
  File "C:\Users\Clean\Desktop\Automacao_OS\.venv\Lib\site-packages\playwright\_impl\_connection.py", line 69, in send
    return await self._connection.wrap_api_call(
           ^^^^^^^^^^^^^^^^^^^^^^^^^^^^^^^^^^^^^
    ...<3 lines>...
    )
    ^
  File "C:\Users\Clean\Desktop\Automacao_OS\.venv\Lib\site-packages\playwright\_impl\_connection.py", line 559, in wrap_api_call
    raise rewrite_error(error, f"{parsed_st['apiName']}: {error}") from None
playwright._impl._errors.TimeoutError: Locator.hover: Timeout 30000ms exceeded.
Call log:
  - waiting for get_by_text("text=Serviços")

2026-01-03 11:57:18,237 | INFO | Iniciando consulta da OS: 7374.0745.000934452/2025.01.01
2026-01-03 11:57:48,797 | ERROR | Erro ao consultar OS 7374.0745.000934452/2025.01.01: Locator.hover: Timeout 30000ms exceeded.
Call log:
  - waiting for get_by_text("text=Serviços")
Traceback (most recent call last):
  File "c:\Users\Clean\Desktop\Automacao_OS\automacao_os.py", line 298, in <module>
    abrir_menu_e_navegar(page)
    ~~~~~~~~~~~~~~~~~~~~^^^^^^
  File "c:\Users\Clean\Desktop\Automacao_OS\automacao_os.py", line 101, in abrir_menu_e_navegar
    frame.get_by_text(Locators_SIOPI["submenu_servicos"]).hover()
    ~~~~~~~~~~~~~~~~~~~~~~~~~~~~~~~~~~~~~~~~~~~~~~~~~~~~~~~~~~~^^
  File "C:\Users\Clean\Desktop\Automacao_OS\.venv\Lib\site-packages\playwright\sync_api\_generated.py", line 17041, in hover
    self._sync(
    ~~~~~~~~~~^
        self._impl_obj.hover(
        ^^^^^^^^^^^^^^^^^^^^^
    ...<6 lines>...
        )
        ^
    )
    ^
  File "C:\Users\Clean\Desktop\Automacao_OS\.venv\Lib\site-packages\playwright\_impl\_sync_base.py", line 115, in _sync
    return task.result()
           ~~~~~~~~~~~^^
  File "C:\Users\Clean\Desktop\Automacao_OS\.venv\Lib\site-packages\playwright\_impl\_locator.py", line 460, in hover
    return await self._frame.hover(
           ^^^^^^^^^^^^^^^^^^^^^^^^
    ...<3 lines>...
    )
    ^
  File "C:\Users\Clean\Desktop\Automacao_OS\.venv\Lib\site-packages\playwright\_impl\_frame.py", line 741, in hover
    await self._channel.send("hover", self._timeout, locals_to_params(locals()))
  File "C:\Users\Clean\Desktop\Automacao_OS\.venv\Lib\site-packages\playwright\_impl\_connection.py", line 69, in send
    return await self._connection.wrap_api_call(
           ^^^^^^^^^^^^^^^^^^^^^^^^^^^^^^^^^^^^^
    ...<3 lines>...
    )
    ^
  File "C:\Users\Clean\Desktop\Automacao_OS\.venv\Lib\site-packages\playwright\_impl\_connection.py", line 559, in wrap_api_call
    raise rewrite_error(error, f"{parsed_st['apiName']}: {error}") from None
playwright._impl._errors.TimeoutError: Locator.hover: Timeout 30000ms exceeded.
Call log:
  - waiting for get_by_text("text=Serviços")

2026-01-03 11:57:48,799 | INFO | Iniciando consulta da OS: 7374.0745.001032852/2025.01.01
2026-01-03 11:58:19,331 | ERROR | Erro ao consultar OS 7374.0745.001032852/2025.01.01: Locator.hover: Timeout 30000ms exceeded.
Call log:
  - waiting for get_by_text("text=Serviços")
Traceback (most recent call last):
  File "c:\Users\Clean\Desktop\Automacao_OS\automacao_os.py", line 298, in <module>
    abrir_menu_e_navegar(page)
    ~~~~~~~~~~~~~~~~~~~~^^^^^^
  File "c:\Users\Clean\Desktop\Automacao_OS\automacao_os.py", line 101, in abrir_menu_e_navegar
    frame.get_by_text(Locators_SIOPI["submenu_servicos"]).hover()
    ~~~~~~~~~~~~~~~~~~~~~~~~~~~~~~~~~~~~~~~~~~~~~~~~~~~~~~~~~~~^^
  File "C:\Users\Clean\Desktop\Automacao_OS\.venv\Lib\site-packages\playwright\sync_api\_generated.py", line 17041, in hover
    self._sync(
    ~~~~~~~~~~^
        self._impl_obj.hover(
        ^^^^^^^^^^^^^^^^^^^^^
    ...<6 lines>...
        )
        ^
    )
    ^
  File "C:\Users\Clean\Desktop\Automacao_OS\.venv\Lib\site-packages\playwright\_impl\_sync_base.py", line 115, in _sync
    return task.result()
           ~~~~~~~~~~~^^
  File "C:\Users\Clean\Desktop\Automacao_OS\.venv\Lib\site-packages\playwright\_impl\_locator.py", line 460, in hover
    return await self._frame.hover(
           ^^^^^^^^^^^^^^^^^^^^^^^^
    ...<3 lines>...
    )
    ^
  File "C:\Users\Clean\Desktop\Automacao_OS\.venv\Lib\site-packages\playwright\_impl\_frame.py", line 741, in hover
    await self._channel.send("hover", self._timeout, locals_to_params(locals()))
  File "C:\Users\Clean\Desktop\Automacao_OS\.venv\Lib\site-packages\playwright\_impl\_connection.py", line 69, in send
    return await self._connection.wrap_api_call(
           ^^^^^^^^^^^^^^^^^^^^^^^^^^^^^^^^^^^^^
    ...<3 lines>...
    )
    ^
  File "C:\Users\Clean\Desktop\Automacao_OS\.venv\Lib\site-packages\playwright\_impl\_connection.py", line 559, in wrap_api_call
    raise rewrite_error(error, f"{parsed_st['apiName']}: {error}") from None
playwright._impl._errors.TimeoutError: Locator.hover: Timeout 30000ms exceeded.
Call log:
  - waiting for get_by_text("text=Serviços")

2026-01-03 11:58:19,333 | INFO | Iniciando consulta da OS: 7374.0745.001015726/2025.01.01
2026-01-03 11:58:49,885 | ERROR | Erro ao consultar OS 7374.0745.001015726/2025.01.01: Locator.hover: Timeout 30000ms exceeded.
Call log:
  - waiting for get_by_text("text=Serviços")
Traceback (most recent call last):
  File "c:\Users\Clean\Desktop\Automacao_OS\automacao_os.py", line 298, in <module>
    abrir_menu_e_navegar(page)
    ~~~~~~~~~~~~~~~~~~~~^^^^^^
  File "c:\Users\Clean\Desktop\Automacao_OS\automacao_os.py", line 101, in abrir_menu_e_navegar
    frame.get_by_text(Locators_SIOPI["submenu_servicos"]).hover()
    ~~~~~~~~~~~~~~~~~~~~~~~~~~~~~~~~~~~~~~~~~~~~~~~~~~~~~~~~~~~^^
  File "C:\Users\Clean\Desktop\Automacao_OS\.venv\Lib\site-packages\playwright\sync_api\_generated.py", line 17041, in hover
    self._sync(
    ~~~~~~~~~~^
        self._impl_obj.hover(
        ^^^^^^^^^^^^^^^^^^^^^
    ...<6 lines>...
        )
        ^
    )
    ^
  File "C:\Users\Clean\Desktop\Automacao_OS\.venv\Lib\site-packages\playwright\_impl\_sync_base.py", line 115, in _sync
    return task.result()
           ~~~~~~~~~~~^^
  File "C:\Users\Clean\Desktop\Automacao_OS\.venv\Lib\site-packages\playwright\_impl\_locator.py", line 460, in hover
    return await self._frame.hover(
           ^^^^^^^^^^^^^^^^^^^^^^^^
    ...<3 lines>...
    )
    ^
  File "C:\Users\Clean\Desktop\Automacao_OS\.venv\Lib\site-packages\playwright\_impl\_frame.py", line 741, in hover
    await self._channel.send("hover", self._timeout, locals_to_params(locals()))
  File "C:\Users\Clean\Desktop\Automacao_OS\.venv\Lib\site-packages\playwright\_impl\_connection.py", line 69, in send
    return await self._connection.wrap_api_call(
           ^^^^^^^^^^^^^^^^^^^^^^^^^^^^^^^^^^^^^
    ...<3 lines>...
    )
    ^
  File "C:\Users\Clean\Desktop\Automacao_OS\.venv\Lib\site-packages\playwright\_impl\_connection.py", line 559, in wrap_api_call
    raise rewrite_error(error, f"{parsed_st['apiName']}: {error}") from None
playwright._impl._errors.TimeoutError: Locator.hover: Timeout 30000ms exceeded.
Call log:
  - waiting for get_by_text("text=Serviços")

2026-01-03 11:58:49,887 | INFO | Iniciando consulta da OS: 7374.0745.000984516/2025.01.01
2026-01-03 11:59:20,445 | ERROR | Erro ao consultar OS 7374.0745.000984516/2025.01.01: Locator.hover: Timeout 30000ms exceeded.
Call log:
  - waiting for get_by_text("text=Serviços")
Traceback (most recent call last):
  File "c:\Users\Clean\Desktop\Automacao_OS\automacao_os.py", line 298, in <module>
    abrir_menu_e_navegar(page)
    ~~~~~~~~~~~~~~~~~~~~^^^^^^
  File "c:\Users\Clean\Desktop\Automacao_OS\automacao_os.py", line 101, in abrir_menu_e_navegar
    frame.get_by_text(Locators_SIOPI["submenu_servicos"]).hover()
    ~~~~~~~~~~~~~~~~~~~~~~~~~~~~~~~~~~~~~~~~~~~~~~~~~~~~~~~~~~~^^
  File "C:\Users\Clean\Desktop\Automacao_OS\.venv\Lib\site-packages\playwright\sync_api\_generated.py", line 17041, in hover
    self._sync(
    ~~~~~~~~~~^
        self._impl_obj.hover(
        ^^^^^^^^^^^^^^^^^^^^^
    ...<6 lines>...
        )
        ^
    )
    ^
  File "C:\Users\Clean\Desktop\Automacao_OS\.venv\Lib\site-packages\playwright\_impl\_sync_base.py", line 115, in _sync
    return task.result()
           ~~~~~~~~~~~^^
  File "C:\Users\Clean\Desktop\Automacao_OS\.venv\Lib\site-packages\playwright\_impl\_locator.py", line 460, in hover
    return await self._frame.hover(
           ^^^^^^^^^^^^^^^^^^^^^^^^
    ...<3 lines>...
    )
    ^
  File "C:\Users\Clean\Desktop\Automacao_OS\.venv\Lib\site-packages\playwright\_impl\_frame.py", line 741, in hover
    await self._channel.send("hover", self._timeout, locals_to_params(locals()))
  File "C:\Users\Clean\Desktop\Automacao_OS\.venv\Lib\site-packages\playwright\_impl\_connection.py", line 69, in send
    return await self._connection.wrap_api_call(
           ^^^^^^^^^^^^^^^^^^^^^^^^^^^^^^^^^^^^^
    ...<3 lines>...
    )
    ^
  File "C:\Users\Clean\Desktop\Automacao_OS\.venv\Lib\site-packages\playwright\_impl\_connection.py", line 559, in wrap_api_call
    raise rewrite_error(error, f"{parsed_st['apiName']}: {error}") from None
playwright._impl._errors.TimeoutError: Locator.hover: Timeout 30000ms exceeded.
Call log:
  - waiting for get_by_text("text=Serviços")

2026-01-03 11:59:20,447 | INFO | Iniciando consulta da OS: 7374.0745.000984727/2025.01.01
2026-01-03 11:59:50,996 | ERROR | Erro ao consultar OS 7374.0745.000984727/2025.01.01: Locator.hover: Timeout 30000ms exceeded.
Call log:
  - waiting for get_by_text("text=Serviços")
Traceback (most recent call last):
  File "c:\Users\Clean\Desktop\Automacao_OS\automacao_os.py", line 298, in <module>
    abrir_menu_e_navegar(page)
    ~~~~~~~~~~~~~~~~~~~~^^^^^^
  File "c:\Users\Clean\Desktop\Automacao_OS\automacao_os.py", line 101, in abrir_menu_e_navegar
    frame.get_by_text(Locators_SIOPI["submenu_servicos"]).hover()
    ~~~~~~~~~~~~~~~~~~~~~~~~~~~~~~~~~~~~~~~~~~~~~~~~~~~~~~~~~~~^^
  File "C:\Users\Clean\Desktop\Automacao_OS\.venv\Lib\site-packages\playwright\sync_api\_generated.py", line 17041, in hover
    self._sync(
    ~~~~~~~~~~^
        self._impl_obj.hover(
        ^^^^^^^^^^^^^^^^^^^^^
    ...<6 lines>...
        )
        ^
    )
    ^
  File "C:\Users\Clean\Desktop\Automacao_OS\.venv\Lib\site-packages\playwright\_impl\_sync_base.py", line 115, in _sync
    return task.result()
           ~~~~~~~~~~~^^
  File "C:\Users\Clean\Desktop\Automacao_OS\.venv\Lib\site-packages\playwright\_impl\_locator.py", line 460, in hover
    return await self._frame.hover(
           ^^^^^^^^^^^^^^^^^^^^^^^^
    ...<3 lines>...
    )
    ^
  File "C:\Users\Clean\Desktop\Automacao_OS\.venv\Lib\site-packages\playwright\_impl\_frame.py", line 741, in hover
    await self._channel.send("hover", self._timeout, locals_to_params(locals()))
  File "C:\Users\Clean\Desktop\Automacao_OS\.venv\Lib\site-packages\playwright\_impl\_connection.py", line 69, in send
    return await self._connection.wrap_api_call(
           ^^^^^^^^^^^^^^^^^^^^^^^^^^^^^^^^^^^^^
    ...<3 lines>...
    )
    ^
  File "C:\Users\Clean\Desktop\Automacao_OS\.venv\Lib\site-packages\playwright\_impl\_connection.py", line 559, in wrap_api_call
    raise rewrite_error(error, f"{parsed_st['apiName']}: {error}") from None
playwright._impl._errors.TimeoutError: Locator.hover: Timeout 30000ms exceeded.
Call log:
  - waiting for get_by_text("text=Serviços")

2026-01-03 11:59:50,998 | INFO | Iniciando consulta da OS: 7374.0745.000966842/2025.01.01
2026-01-03 12:00:21,553 | ERROR | Erro ao consultar OS 7374.0745.000966842/2025.01.01: Locator.hover: Timeout 30000ms exceeded.
Call log:
  - waiting for get_by_text("text=Serviços")
Traceback (most recent call last):
  File "c:\Users\Clean\Desktop\Automacao_OS\automacao_os.py", line 298, in <module>
    abrir_menu_e_navegar(page)
    ~~~~~~~~~~~~~~~~~~~~^^^^^^
  File "c:\Users\Clean\Desktop\Automacao_OS\automacao_os.py", line 101, in abrir_menu_e_navegar
    frame.get_by_text(Locators_SIOPI["submenu_servicos"]).hover()
    ~~~~~~~~~~~~~~~~~~~~~~~~~~~~~~~~~~~~~~~~~~~~~~~~~~~~~~~~~~~^^
  File "C:\Users\Clean\Desktop\Automacao_OS\.venv\Lib\site-packages\playwright\sync_api\_generated.py", line 17041, in hover
    self._sync(
    ~~~~~~~~~~^
        self._impl_obj.hover(
        ^^^^^^^^^^^^^^^^^^^^^
    ...<6 lines>...
        )
        ^
    )
    ^
  File "C:\Users\Clean\Desktop\Automacao_OS\.venv\Lib\site-packages\playwright\_impl\_sync_base.py", line 115, in _sync
    return task.result()
           ~~~~~~~~~~~^^
  File "C:\Users\Clean\Desktop\Automacao_OS\.venv\Lib\site-packages\playwright\_impl\_locator.py", line 460, in hover
    return await self._frame.hover(
           ^^^^^^^^^^^^^^^^^^^^^^^^
    ...<3 lines>...
    )
    ^
  File "C:\Users\Clean\Desktop\Automacao_OS\.venv\Lib\site-packages\playwright\_impl\_frame.py", line 741, in hover
    await self._channel.send("hover", self._timeout, locals_to_params(locals()))
  File "C:\Users\Clean\Desktop\Automacao_OS\.venv\Lib\site-packages\playwright\_impl\_connection.py", line 69, in send
    return await self._connection.wrap_api_call(
           ^^^^^^^^^^^^^^^^^^^^^^^^^^^^^^^^^^^^^
    ...<3 lines>...
    )
    ^
  File "C:\Users\Clean\Desktop\Automacao_OS\.venv\Lib\site-packages\playwright\_impl\_connection.py", line 559, in wrap_api_call
    raise rewrite_error(error, f"{parsed_st['apiName']}: {error}") from None
playwright._impl._errors.TimeoutError: Locator.hover: Timeout 30000ms exceeded.
Call log:
  - waiting for get_by_text("text=Serviços")

2026-01-03 12:00:21,555 | INFO | Iniciando consulta da OS: 7374.0745.000970656/2025.01.01
2026-01-03 12:00:52,104 | ERROR | Erro ao consultar OS 7374.0745.000970656/2025.01.01: Locator.hover: Timeout 30000ms exceeded.
Call log:
  - waiting for get_by_text("text=Serviços")
Traceback (most recent call last):
  File "c:\Users\Clean\Desktop\Automacao_OS\automacao_os.py", line 298, in <module>
    abrir_menu_e_navegar(page)
    ~~~~~~~~~~~~~~~~~~~~^^^^^^
  File "c:\Users\Clean\Desktop\Automacao_OS\automacao_os.py", line 101, in abrir_menu_e_navegar
    frame.get_by_text(Locators_SIOPI["submenu_servicos"]).hover()
    ~~~~~~~~~~~~~~~~~~~~~~~~~~~~~~~~~~~~~~~~~~~~~~~~~~~~~~~~~~~^^
  File "C:\Users\Clean\Desktop\Automacao_OS\.venv\Lib\site-packages\playwright\sync_api\_generated.py", line 17041, in hover
    self._sync(
    ~~~~~~~~~~^
        self._impl_obj.hover(
        ^^^^^^^^^^^^^^^^^^^^^
    ...<6 lines>...
        )
        ^
    )
    ^
  File "C:\Users\Clean\Desktop\Automacao_OS\.venv\Lib\site-packages\playwright\_impl\_sync_base.py", line 115, in _sync
    return task.result()
           ~~~~~~~~~~~^^
  File "C:\Users\Clean\Desktop\Automacao_OS\.venv\Lib\site-packages\playwright\_impl\_locator.py", line 460, in hover
    return await self._frame.hover(
           ^^^^^^^^^^^^^^^^^^^^^^^^
    ...<3 lines>...
    )
    ^
  File "C:\Users\Clean\Desktop\Automacao_OS\.venv\Lib\site-packages\playwright\_impl\_frame.py", line 741, in hover
    await self._channel.send("hover", self._timeout, locals_to_params(locals()))
  File "C:\Users\Clean\Desktop\Automacao_OS\.venv\Lib\site-packages\playwright\_impl\_connection.py", line 69, in send
    return await self._connection.wrap_api_call(
           ^^^^^^^^^^^^^^^^^^^^^^^^^^^^^^^^^^^^^
    ...<3 lines>...
    )
    ^
  File "C:\Users\Clean\Desktop\Automacao_OS\.venv\Lib\site-packages\playwright\_impl\_connection.py", line 559, in wrap_api_call
    raise rewrite_error(error, f"{parsed_st['apiName']}: {error}") from None
playwright._impl._errors.TimeoutError: Locator.hover: Timeout 30000ms exceeded.
Call log:
  - waiting for get_by_text("text=Serviços")

2026-01-03 12:00:52,106 | INFO | Iniciando consulta da OS: 7374.0745.000943947/2025.01.01
2026-01-03 12:01:22,647 | ERROR | Erro ao consultar OS 7374.0745.000943947/2025.01.01: Locator.hover: Timeout 30000ms exceeded.
Call log:
  - waiting for get_by_text("text=Serviços")
Traceback (most recent call last):
  File "c:\Users\Clean\Desktop\Automacao_OS\automacao_os.py", line 298, in <module>
    abrir_menu_e_navegar(page)
    ~~~~~~~~~~~~~~~~~~~~^^^^^^
  File "c:\Users\Clean\Desktop\Automacao_OS\automacao_os.py", line 101, in abrir_menu_e_navegar
    frame.get_by_text(Locators_SIOPI["submenu_servicos"]).hover()
    ~~~~~~~~~~~~~~~~~~~~~~~~~~~~~~~~~~~~~~~~~~~~~~~~~~~~~~~~~~~^^
  File "C:\Users\Clean\Desktop\Automacao_OS\.venv\Lib\site-packages\playwright\sync_api\_generated.py", line 17041, in hover
    self._sync(
    ~~~~~~~~~~^
        self._impl_obj.hover(
        ^^^^^^^^^^^^^^^^^^^^^
    ...<6 lines>...
        )
        ^
    )
    ^
  File "C:\Users\Clean\Desktop\Automacao_OS\.venv\Lib\site-packages\playwright\_impl\_sync_base.py", line 115, in _sync
    return task.result()
           ~~~~~~~~~~~^^
  File "C:\Users\Clean\Desktop\Automacao_OS\.venv\Lib\site-packages\playwright\_impl\_locator.py", line 460, in hover
    return await self._frame.hover(
           ^^^^^^^^^^^^^^^^^^^^^^^^
    ...<3 lines>...
    )
    ^
  File "C:\Users\Clean\Desktop\Automacao_OS\.venv\Lib\site-packages\playwright\_impl\_frame.py", line 741, in hover
    await self._channel.send("hover", self._timeout, locals_to_params(locals()))
  File "C:\Users\Clean\Desktop\Automacao_OS\.venv\Lib\site-packages\playwright\_impl\_connection.py", line 69, in send
    return await self._connection.wrap_api_call(
           ^^^^^^^^^^^^^^^^^^^^^^^^^^^^^^^^^^^^^
    ...<3 lines>...
    )
    ^
  File "C:\Users\Clean\Desktop\Automacao_OS\.venv\Lib\site-packages\playwright\_impl\_connection.py", line 559, in wrap_api_call
    raise rewrite_error(error, f"{parsed_st['apiName']}: {error}") from None
playwright._impl._errors.TimeoutError: Locator.hover: Timeout 30000ms exceeded.
Call log:
  - waiting for get_by_text("text=Serviços")

2026-01-03 12:01:22,651 | INFO | Iniciando consulta da OS: 7374.0745.000994291/2025.01.01
2026-01-03 12:01:53,207 | ERROR | Erro ao consultar OS 7374.0745.000994291/2025.01.01: Locator.hover: Timeout 30000ms exceeded.
Call log:
  - waiting for get_by_text("text=Serviços")
Traceback (most recent call last):
  File "c:\Users\Clean\Desktop\Automacao_OS\automacao_os.py", line 298, in <module>
    abrir_menu_e_navegar(page)
    ~~~~~~~~~~~~~~~~~~~~^^^^^^
  File "c:\Users\Clean\Desktop\Automacao_OS\automacao_os.py", line 101, in abrir_menu_e_navegar
    frame.get_by_text(Locators_SIOPI["submenu_servicos"]).hover()
    ~~~~~~~~~~~~~~~~~~~~~~~~~~~~~~~~~~~~~~~~~~~~~~~~~~~~~~~~~~~^^
  File "C:\Users\Clean\Desktop\Automacao_OS\.venv\Lib\site-packages\playwright\sync_api\_generated.py", line 17041, in hover
    self._sync(
    ~~~~~~~~~~^
        self._impl_obj.hover(
        ^^^^^^^^^^^^^^^^^^^^^
    ...<6 lines>...
        )
        ^
    )
    ^
  File "C:\Users\Clean\Desktop\Automacao_OS\.venv\Lib\site-packages\playwright\_impl\_sync_base.py", line 115, in _sync
    return task.result()
           ~~~~~~~~~~~^^
  File "C:\Users\Clean\Desktop\Automacao_OS\.venv\Lib\site-packages\playwright\_impl\_locator.py", line 460, in hover
    return await self._frame.hover(
           ^^^^^^^^^^^^^^^^^^^^^^^^
    ...<3 lines>...
    )
    ^
  File "C:\Users\Clean\Desktop\Automacao_OS\.venv\Lib\site-packages\playwright\_impl\_frame.py", line 741, in hover
    await self._channel.send("hover", self._timeout, locals_to_params(locals()))
  File "C:\Users\Clean\Desktop\Automacao_OS\.venv\Lib\site-packages\playwright\_impl\_connection.py", line 69, in send
    return await self._connection.wrap_api_call(
           ^^^^^^^^^^^^^^^^^^^^^^^^^^^^^^^^^^^^^
    ...<3 lines>...
    )
    ^
  File "C:\Users\Clean\Desktop\Automacao_OS\.venv\Lib\site-packages\playwright\_impl\_connection.py", line 559, in wrap_api_call
    raise rewrite_error(error, f"{parsed_st['apiName']}: {error}") from None
playwright._impl._errors.TimeoutError: Locator.hover: Timeout 30000ms exceeded.
Call log:
  - waiting for get_by_text("text=Serviços")

2026-01-03 12:01:53,209 | INFO | Iniciando consulta da OS: 7374.0745.000985022/2025.01.01
2026-01-03 12:02:23,743 | ERROR | Erro ao consultar OS 7374.0745.000985022/2025.01.01: Locator.hover: Timeout 30000ms exceeded.
Call log:
  - waiting for get_by_text("text=Serviços")
Traceback (most recent call last):
  File "c:\Users\Clean\Desktop\Automacao_OS\automacao_os.py", line 298, in <module>
    abrir_menu_e_navegar(page)
    ~~~~~~~~~~~~~~~~~~~~^^^^^^
  File "c:\Users\Clean\Desktop\Automacao_OS\automacao_os.py", line 101, in abrir_menu_e_navegar
    frame.get_by_text(Locators_SIOPI["submenu_servicos"]).hover()
    ~~~~~~~~~~~~~~~~~~~~~~~~~~~~~~~~~~~~~~~~~~~~~~~~~~~~~~~~~~~^^
  File "C:\Users\Clean\Desktop\Automacao_OS\.venv\Lib\site-packages\playwright\sync_api\_generated.py", line 17041, in hover
    self._sync(
    ~~~~~~~~~~^
        self._impl_obj.hover(
        ^^^^^^^^^^^^^^^^^^^^^
    ...<6 lines>...
        )
        ^
    )
    ^
  File "C:\Users\Clean\Desktop\Automacao_OS\.venv\Lib\site-packages\playwright\_impl\_sync_base.py", line 115, in _sync
    return task.result()
           ~~~~~~~~~~~^^
  File "C:\Users\Clean\Desktop\Automacao_OS\.venv\Lib\site-packages\playwright\_impl\_locator.py", line 460, in hover
    return await self._frame.hover(
           ^^^^^^^^^^^^^^^^^^^^^^^^
    ...<3 lines>...
    )
    ^
  File "C:\Users\Clean\Desktop\Automacao_OS\.venv\Lib\site-packages\playwright\_impl\_frame.py", line 741, in hover
    await self._channel.send("hover", self._timeout, locals_to_params(locals()))
  File "C:\Users\Clean\Desktop\Automacao_OS\.venv\Lib\site-packages\playwright\_impl\_connection.py", line 69, in send
    return await self._connection.wrap_api_call(
           ^^^^^^^^^^^^^^^^^^^^^^^^^^^^^^^^^^^^^
    ...<3 lines>...
    )
    ^
  File "C:\Users\Clean\Desktop\Automacao_OS\.venv\Lib\site-packages\playwright\_impl\_connection.py", line 559, in wrap_api_call
    raise rewrite_error(error, f"{parsed_st['apiName']}: {error}") from None
playwright._impl._errors.TimeoutError: Locator.hover: Timeout 30000ms exceeded.
Call log:
  - waiting for get_by_text("text=Serviços")

2026-01-03 12:02:23,745 | INFO | Iniciando consulta da OS: 7374.0745.001009209/2025.01.01
2026-01-03 12:02:54,303 | ERROR | Erro ao consultar OS 7374.0745.001009209/2025.01.01: Locator.hover: Timeout 30000ms exceeded.
Call log:
  - waiting for get_by_text("text=Serviços")
Traceback (most recent call last):
  File "c:\Users\Clean\Desktop\Automacao_OS\automacao_os.py", line 298, in <module>
    abrir_menu_e_navegar(page)
    ~~~~~~~~~~~~~~~~~~~~^^^^^^
  File "c:\Users\Clean\Desktop\Automacao_OS\automacao_os.py", line 101, in abrir_menu_e_navegar
    frame.get_by_text(Locators_SIOPI["submenu_servicos"]).hover()
    ~~~~~~~~~~~~~~~~~~~~~~~~~~~~~~~~~~~~~~~~~~~~~~~~~~~~~~~~~~~^^
  File "C:\Users\Clean\Desktop\Automacao_OS\.venv\Lib\site-packages\playwright\sync_api\_generated.py", line 17041, in hover
    self._sync(
    ~~~~~~~~~~^
        self._impl_obj.hover(
        ^^^^^^^^^^^^^^^^^^^^^
    ...<6 lines>...
        )
        ^
    )
    ^
  File "C:\Users\Clean\Desktop\Automacao_OS\.venv\Lib\site-packages\playwright\_impl\_sync_base.py", line 115, in _sync
    return task.result()
           ~~~~~~~~~~~^^
  File "C:\Users\Clean\Desktop\Automacao_OS\.venv\Lib\site-packages\playwright\_impl\_locator.py", line 460, in hover
    return await self._frame.hover(
           ^^^^^^^^^^^^^^^^^^^^^^^^
    ...<3 lines>...
    )
    ^
  File "C:\Users\Clean\Desktop\Automacao_OS\.venv\Lib\site-packages\playwright\_impl\_frame.py", line 741, in hover
    await self._channel.send("hover", self._timeout, locals_to_params(locals()))
  File "C:\Users\Clean\Desktop\Automacao_OS\.venv\Lib\site-packages\playwright\_impl\_connection.py", line 69, in send
    return await self._connection.wrap_api_call(
           ^^^^^^^^^^^^^^^^^^^^^^^^^^^^^^^^^^^^^
    ...<3 lines>...
    )
    ^
  File "C:\Users\Clean\Desktop\Automacao_OS\.venv\Lib\site-packages\playwright\_impl\_connection.py", line 559, in wrap_api_call
    raise rewrite_error(error, f"{parsed_st['apiName']}: {error}") from None
playwright._impl._errors.TimeoutError: Locator.hover: Timeout 30000ms exceeded.
Call log:
  - waiting for get_by_text("text=Serviços")

2026-01-03 12:02:54,305 | INFO | Iniciando consulta da OS: 7374.0745.001002746/2025.01.01
2026-01-03 12:03:24,847 | ERROR | Erro ao consultar OS 7374.0745.001002746/2025.01.01: Locator.hover: Timeout 30000ms exceeded.
Call log:
  - waiting for get_by_text("text=Serviços")
Traceback (most recent call last):
  File "c:\Users\Clean\Desktop\Automacao_OS\automacao_os.py", line 298, in <module>
    abrir_menu_e_navegar(page)
    ~~~~~~~~~~~~~~~~~~~~^^^^^^
  File "c:\Users\Clean\Desktop\Automacao_OS\automacao_os.py", line 101, in abrir_menu_e_navegar
    frame.get_by_text(Locators_SIOPI["submenu_servicos"]).hover()
    ~~~~~~~~~~~~~~~~~~~~~~~~~~~~~~~~~~~~~~~~~~~~~~~~~~~~~~~~~~~^^
  File "C:\Users\Clean\Desktop\Automacao_OS\.venv\Lib\site-packages\playwright\sync_api\_generated.py", line 17041, in hover
    self._sync(
    ~~~~~~~~~~^
        self._impl_obj.hover(
        ^^^^^^^^^^^^^^^^^^^^^
    ...<6 lines>...
        )
        ^
    )
    ^
  File "C:\Users\Clean\Desktop\Automacao_OS\.venv\Lib\site-packages\playwright\_impl\_sync_base.py", line 115, in _sync
    return task.result()
           ~~~~~~~~~~~^^
  File "C:\Users\Clean\Desktop\Automacao_OS\.venv\Lib\site-packages\playwright\_impl\_locator.py", line 460, in hover
    return await self._frame.hover(
           ^^^^^^^^^^^^^^^^^^^^^^^^
    ...<3 lines>...
    )
    ^
  File "C:\Users\Clean\Desktop\Automacao_OS\.venv\Lib\site-packages\playwright\_impl\_frame.py", line 741, in hover
    await self._channel.send("hover", self._timeout, locals_to_params(locals()))
  File "C:\Users\Clean\Desktop\Automacao_OS\.venv\Lib\site-packages\playwright\_impl\_connection.py", line 69, in send
    return await self._connection.wrap_api_call(
           ^^^^^^^^^^^^^^^^^^^^^^^^^^^^^^^^^^^^^
    ...<3 lines>...
    )
    ^
  File "C:\Users\Clean\Desktop\Automacao_OS\.venv\Lib\site-packages\playwright\_impl\_connection.py", line 559, in wrap_api_call
    raise rewrite_error(error, f"{parsed_st['apiName']}: {error}") from None
playwright._impl._errors.TimeoutError: Locator.hover: Timeout 30000ms exceeded.
Call log:
  - waiting for get_by_text("text=Serviços")

2026-01-03 12:03:24,850 | INFO | Iniciando consulta da OS: 7374.0745.000000840/2026.01.01
2026-01-03 12:03:55,389 | ERROR | Erro ao consultar OS 7374.0745.000000840/2026.01.01: Locator.hover: Timeout 30000ms exceeded.
Call log:
  - waiting for get_by_text("text=Serviços")
Traceback (most recent call last):
  File "c:\Users\Clean\Desktop\Automacao_OS\automacao_os.py", line 298, in <module>
    abrir_menu_e_navegar(page)
    ~~~~~~~~~~~~~~~~~~~~^^^^^^
  File "c:\Users\Clean\Desktop\Automacao_OS\automacao_os.py", line 101, in abrir_menu_e_navegar
    frame.get_by_text(Locators_SIOPI["submenu_servicos"]).hover()
    ~~~~~~~~~~~~~~~~~~~~~~~~~~~~~~~~~~~~~~~~~~~~~~~~~~~~~~~~~~~^^
  File "C:\Users\Clean\Desktop\Automacao_OS\.venv\Lib\site-packages\playwright\sync_api\_generated.py", line 17041, in hover
    self._sync(
    ~~~~~~~~~~^
        self._impl_obj.hover(
        ^^^^^^^^^^^^^^^^^^^^^
    ...<6 lines>...
        )
        ^
    )
    ^
  File "C:\Users\Clean\Desktop\Automacao_OS\.venv\Lib\site-packages\playwright\_impl\_sync_base.py", line 115, in _sync
    return task.result()
           ~~~~~~~~~~~^^
  File "C:\Users\Clean\Desktop\Automacao_OS\.venv\Lib\site-packages\playwright\_impl\_locator.py", line 460, in hover
    return await self._frame.hover(
           ^^^^^^^^^^^^^^^^^^^^^^^^
    ...<3 lines>...
    )
    ^
  File "C:\Users\Clean\Desktop\Automacao_OS\.venv\Lib\site-packages\playwright\_impl\_frame.py", line 741, in hover
    await self._channel.send("hover", self._timeout, locals_to_params(locals()))
  File "C:\Users\Clean\Desktop\Automacao_OS\.venv\Lib\site-packages\playwright\_impl\_connection.py", line 69, in send
    return await self._connection.wrap_api_call(
           ^^^^^^^^^^^^^^^^^^^^^^^^^^^^^^^^^^^^^
    ...<3 lines>...
    )
    ^
  File "C:\Users\Clean\Desktop\Automacao_OS\.venv\Lib\site-packages\playwright\_impl\_connection.py", line 559, in wrap_api_call
    raise rewrite_error(error, f"{parsed_st['apiName']}: {error}") from None
playwright._impl._errors.TimeoutError: Locator.hover: Timeout 30000ms exceeded.
Call log:
  - waiting for get_by_text("text=Serviços")

2026-01-03 12:03:55,391 | INFO | Iniciando consulta da OS: 7374.0745.000945167/2025.01.01
2026-01-03 12:04:25,933 | ERROR | Erro ao consultar OS 7374.0745.000945167/2025.01.01: Locator.hover: Timeout 30000ms exceeded.
Call log:
  - waiting for get_by_text("text=Serviços")
Traceback (most recent call last):
  File "c:\Users\Clean\Desktop\Automacao_OS\automacao_os.py", line 298, in <module>
    abrir_menu_e_navegar(page)
    ~~~~~~~~~~~~~~~~~~~~^^^^^^
  File "c:\Users\Clean\Desktop\Automacao_OS\automacao_os.py", line 101, in abrir_menu_e_navegar
    frame.get_by_text(Locators_SIOPI["submenu_servicos"]).hover()
    ~~~~~~~~~~~~~~~~~~~~~~~~~~~~~~~~~~~~~~~~~~~~~~~~~~~~~~~~~~~^^
  File "C:\Users\Clean\Desktop\Automacao_OS\.venv\Lib\site-packages\playwright\sync_api\_generated.py", line 17041, in hover
    self._sync(
    ~~~~~~~~~~^
        self._impl_obj.hover(
        ^^^^^^^^^^^^^^^^^^^^^
    ...<6 lines>...
        )
        ^
    )
    ^
  File "C:\Users\Clean\Desktop\Automacao_OS\.venv\Lib\site-packages\playwright\_impl\_sync_base.py", line 115, in _sync
    return task.result()
           ~~~~~~~~~~~^^
  File "C:\Users\Clean\Desktop\Automacao_OS\.venv\Lib\site-packages\playwright\_impl\_locator.py", line 460, in hover
    return await self._frame.hover(
           ^^^^^^^^^^^^^^^^^^^^^^^^
    ...<3 lines>...
    )
    ^
  File "C:\Users\Clean\Desktop\Automacao_OS\.venv\Lib\site-packages\playwright\_impl\_frame.py", line 741, in hover
    await self._channel.send("hover", self._timeout, locals_to_params(locals()))
  File "C:\Users\Clean\Desktop\Automacao_OS\.venv\Lib\site-packages\playwright\_impl\_connection.py", line 69, in send
    return await self._connection.wrap_api_call(
           ^^^^^^^^^^^^^^^^^^^^^^^^^^^^^^^^^^^^^
    ...<3 lines>...
    )
    ^
  File "C:\Users\Clean\Desktop\Automacao_OS\.venv\Lib\site-packages\playwright\_impl\_connection.py", line 559, in wrap_api_call
    raise rewrite_error(error, f"{parsed_st['apiName']}: {error}") from None
playwright._impl._errors.TimeoutError: Locator.hover: Timeout 30000ms exceeded.
Call log:
  - waiting for get_by_text("text=Serviços")

2026-01-03 12:04:25,936 | INFO | Iniciando consulta da OS: 7374.0745.001032889/2025.01.01
2026-01-03 12:04:56,491 | ERROR | Erro ao consultar OS 7374.0745.001032889/2025.01.01: Locator.hover: Timeout 30000ms exceeded.
Call log:
  - waiting for get_by_text("text=Serviços")
Traceback (most recent call last):
  File "c:\Users\Clean\Desktop\Automacao_OS\automacao_os.py", line 298, in <module>
    abrir_menu_e_navegar(page)
    ~~~~~~~~~~~~~~~~~~~~^^^^^^
  File "c:\Users\Clean\Desktop\Automacao_OS\automacao_os.py", line 101, in abrir_menu_e_navegar
    frame.get_by_text(Locators_SIOPI["submenu_servicos"]).hover()
    ~~~~~~~~~~~~~~~~~~~~~~~~~~~~~~~~~~~~~~~~~~~~~~~~~~~~~~~~~~~^^
  File "C:\Users\Clean\Desktop\Automacao_OS\.venv\Lib\site-packages\playwright\sync_api\_generated.py", line 17041, in hover
    self._sync(
    ~~~~~~~~~~^
        self._impl_obj.hover(
        ^^^^^^^^^^^^^^^^^^^^^
    ...<6 lines>...
        )
        ^
    )
    ^
  File "C:\Users\Clean\Desktop\Automacao_OS\.venv\Lib\site-packages\playwright\_impl\_sync_base.py", line 115, in _sync
    return task.result()
           ~~~~~~~~~~~^^
  File "C:\Users\Clean\Desktop\Automacao_OS\.venv\Lib\site-packages\playwright\_impl\_locator.py", line 460, in hover
    return await self._frame.hover(
           ^^^^^^^^^^^^^^^^^^^^^^^^
    ...<3 lines>...
    )
    ^
  File "C:\Users\Clean\Desktop\Automacao_OS\.venv\Lib\site-packages\playwright\_impl\_frame.py", line 741, in hover
    await self._channel.send("hover", self._timeout, locals_to_params(locals()))
  File "C:\Users\Clean\Desktop\Automacao_OS\.venv\Lib\site-packages\playwright\_impl\_connection.py", line 69, in send
    return await self._connection.wrap_api_call(
           ^^^^^^^^^^^^^^^^^^^^^^^^^^^^^^^^^^^^^
    ...<3 lines>...
    )
    ^
  File "C:\Users\Clean\Desktop\Automacao_OS\.venv\Lib\site-packages\playwright\_impl\_connection.py", line 559, in wrap_api_call
    raise rewrite_error(error, f"{parsed_st['apiName']}: {error}") from None
playwright._impl._errors.TimeoutError: Locator.hover: Timeout 30000ms exceeded.
Call log:
  - waiting for get_by_text("text=Serviços")

2026-01-03 12:04:56,493 | INFO | Iniciando consulta da OS: 7374.0745.001037363/2025.01.01
2026-01-03 12:05:27,033 | ERROR | Erro ao consultar OS 7374.0745.001037363/2025.01.01: Locator.hover: Timeout 30000ms exceeded.
Call log:
  - waiting for get_by_text("text=Serviços")
Traceback (most recent call last):
  File "c:\Users\Clean\Desktop\Automacao_OS\automacao_os.py", line 298, in <module>
    abrir_menu_e_navegar(page)
    ~~~~~~~~~~~~~~~~~~~~^^^^^^
  File "c:\Users\Clean\Desktop\Automacao_OS\automacao_os.py", line 101, in abrir_menu_e_navegar
    frame.get_by_text(Locators_SIOPI["submenu_servicos"]).hover()
    ~~~~~~~~~~~~~~~~~~~~~~~~~~~~~~~~~~~~~~~~~~~~~~~~~~~~~~~~~~~^^
  File "C:\Users\Clean\Desktop\Automacao_OS\.venv\Lib\site-packages\playwright\sync_api\_generated.py", line 17041, in hover
    self._sync(
    ~~~~~~~~~~^
        self._impl_obj.hover(
        ^^^^^^^^^^^^^^^^^^^^^
    ...<6 lines>...
        )
        ^
    )
    ^
  File "C:\Users\Clean\Desktop\Automacao_OS\.venv\Lib\site-packages\playwright\_impl\_sync_base.py", line 115, in _sync
    return task.result()
           ~~~~~~~~~~~^^
  File "C:\Users\Clean\Desktop\Automacao_OS\.venv\Lib\site-packages\playwright\_impl\_locator.py", line 460, in hover
    return await self._frame.hover(
           ^^^^^^^^^^^^^^^^^^^^^^^^
    ...<3 lines>...
    )
    ^
  File "C:\Users\Clean\Desktop\Automacao_OS\.venv\Lib\site-packages\playwright\_impl\_frame.py", line 741, in hover
    await self._channel.send("hover", self._timeout, locals_to_params(locals()))
  File "C:\Users\Clean\Desktop\Automacao_OS\.venv\Lib\site-packages\playwright\_impl\_connection.py", line 69, in send
    return await self._connection.wrap_api_call(
           ^^^^^^^^^^^^^^^^^^^^^^^^^^^^^^^^^^^^^
    ...<3 lines>...
    )
    ^
  File "C:\Users\Clean\Desktop\Automacao_OS\.venv\Lib\site-packages\playwright\_impl\_connection.py", line 559, in wrap_api_call
    raise rewrite_error(error, f"{parsed_st['apiName']}: {error}") from None
playwright._impl._errors.TimeoutError: Locator.hover: Timeout 30000ms exceeded.
Call log:
  - waiting for get_by_text("text=Serviços")

2026-01-03 12:05:27,035 | INFO | Iniciando consulta da OS: 7374.0745.001025927/2025.01.01
2026-01-03 12:05:57,581 | ERROR | Erro ao consultar OS 7374.0745.001025927/2025.01.01: Locator.hover: Timeout 30000ms exceeded.
Call log:
  - waiting for get_by_text("text=Serviços")
Traceback (most recent call last):
  File "c:\Users\Clean\Desktop\Automacao_OS\automacao_os.py", line 298, in <module>
    abrir_menu_e_navegar(page)
    ~~~~~~~~~~~~~~~~~~~~^^^^^^
  File "c:\Users\Clean\Desktop\Automacao_OS\automacao_os.py", line 101, in abrir_menu_e_navegar
    frame.get_by_text(Locators_SIOPI["submenu_servicos"]).hover()
    ~~~~~~~~~~~~~~~~~~~~~~~~~~~~~~~~~~~~~~~~~~~~~~~~~~~~~~~~~~~^^
  File "C:\Users\Clean\Desktop\Automacao_OS\.venv\Lib\site-packages\playwright\sync_api\_generated.py", line 17041, in hover
    self._sync(
    ~~~~~~~~~~^
        self._impl_obj.hover(
        ^^^^^^^^^^^^^^^^^^^^^
    ...<6 lines>...
        )
        ^
    )
    ^
  File "C:\Users\Clean\Desktop\Automacao_OS\.venv\Lib\site-packages\playwright\_impl\_sync_base.py", line 115, in _sync
    return task.result()
           ~~~~~~~~~~~^^
  File "C:\Users\Clean\Desktop\Automacao_OS\.venv\Lib\site-packages\playwright\_impl\_locator.py", line 460, in hover
    return await self._frame.hover(
           ^^^^^^^^^^^^^^^^^^^^^^^^
    ...<3 lines>...
    )
    ^
  File "C:\Users\Clean\Desktop\Automacao_OS\.venv\Lib\site-packages\playwright\_impl\_frame.py", line 741, in hover
    await self._channel.send("hover", self._timeout, locals_to_params(locals()))
  File "C:\Users\Clean\Desktop\Automacao_OS\.venv\Lib\site-packages\playwright\_impl\_connection.py", line 69, in send
    return await self._connection.wrap_api_call(
           ^^^^^^^^^^^^^^^^^^^^^^^^^^^^^^^^^^^^^
    ...<3 lines>...
    )
    ^
  File "C:\Users\Clean\Desktop\Automacao_OS\.venv\Lib\site-packages\playwright\_impl\_connection.py", line 559, in wrap_api_call
    raise rewrite_error(error, f"{parsed_st['apiName']}: {error}") from None
playwright._impl._errors.TimeoutError: Locator.hover: Timeout 30000ms exceeded.
Call log:
  - waiting for get_by_text("text=Serviços")

2026-01-03 12:05:57,584 | INFO | Iniciando consulta da OS: 7374.0745.000944002/2025.01.01
2026-01-03 12:06:28,113 | ERROR | Erro ao consultar OS 7374.0745.000944002/2025.01.01: Locator.hover: Timeout 30000ms exceeded.
Call log:
  - waiting for get_by_text("text=Serviços")
Traceback (most recent call last):
  File "c:\Users\Clean\Desktop\Automacao_OS\automacao_os.py", line 298, in <module>
    abrir_menu_e_navegar(page)
    ~~~~~~~~~~~~~~~~~~~~^^^^^^
  File "c:\Users\Clean\Desktop\Automacao_OS\automacao_os.py", line 101, in abrir_menu_e_navegar
    frame.get_by_text(Locators_SIOPI["submenu_servicos"]).hover()
    ~~~~~~~~~~~~~~~~~~~~~~~~~~~~~~~~~~~~~~~~~~~~~~~~~~~~~~~~~~~^^
  File "C:\Users\Clean\Desktop\Automacao_OS\.venv\Lib\site-packages\playwright\sync_api\_generated.py", line 17041, in hover
    self._sync(
    ~~~~~~~~~~^
        self._impl_obj.hover(
        ^^^^^^^^^^^^^^^^^^^^^
    ...<6 lines>...
        )
        ^
    )
    ^
  File "C:\Users\Clean\Desktop\Automacao_OS\.venv\Lib\site-packages\playwright\_impl\_sync_base.py", line 115, in _sync
    return task.result()
           ~~~~~~~~~~~^^
  File "C:\Users\Clean\Desktop\Automacao_OS\.venv\Lib\site-packages\playwright\_impl\_locator.py", line 460, in hover
    return await self._frame.hover(
           ^^^^^^^^^^^^^^^^^^^^^^^^
    ...<3 lines>...
    )
    ^
  File "C:\Users\Clean\Desktop\Automacao_OS\.venv\Lib\site-packages\playwright\_impl\_frame.py", line 741, in hover
    await self._channel.send("hover", self._timeout, locals_to_params(locals()))
  File "C:\Users\Clean\Desktop\Automacao_OS\.venv\Lib\site-packages\playwright\_impl\_connection.py", line 69, in send
    return await self._connection.wrap_api_call(
           ^^^^^^^^^^^^^^^^^^^^^^^^^^^^^^^^^^^^^
    ...<3 lines>...
    )
    ^
  File "C:\Users\Clean\Desktop\Automacao_OS\.venv\Lib\site-packages\playwright\_impl\_connection.py", line 559, in wrap_api_call
    raise rewrite_error(error, f"{parsed_st['apiName']}: {error}") from None
playwright._impl._errors.TimeoutError: Locator.hover: Timeout 30000ms exceeded.
Call log:
  - waiting for get_by_text("text=Serviços")

2026-01-03 12:06:28,115 | INFO | Iniciando consulta da OS: 7374.0745.001030912/2025.01.01
2026-01-03 12:06:58,668 | ERROR | Erro ao consultar OS 7374.0745.001030912/2025.01.01: Locator.hover: Timeout 30000ms exceeded.
Call log:
  - waiting for get_by_text("text=Serviços")
Traceback (most recent call last):
  File "c:\Users\Clean\Desktop\Automacao_OS\automacao_os.py", line 298, in <module>
    abrir_menu_e_navegar(page)
    ~~~~~~~~~~~~~~~~~~~~^^^^^^
  File "c:\Users\Clean\Desktop\Automacao_OS\automacao_os.py", line 101, in abrir_menu_e_navegar
    frame.get_by_text(Locators_SIOPI["submenu_servicos"]).hover()
    ~~~~~~~~~~~~~~~~~~~~~~~~~~~~~~~~~~~~~~~~~~~~~~~~~~~~~~~~~~~^^
  File "C:\Users\Clean\Desktop\Automacao_OS\.venv\Lib\site-packages\playwright\sync_api\_generated.py", line 17041, in hover
    self._sync(
    ~~~~~~~~~~^
        self._impl_obj.hover(
        ^^^^^^^^^^^^^^^^^^^^^
    ...<6 lines>...
        )
        ^
    )
    ^
  File "C:\Users\Clean\Desktop\Automacao_OS\.venv\Lib\site-packages\playwright\_impl\_sync_base.py", line 115, in _sync
    return task.result()
           ~~~~~~~~~~~^^
  File "C:\Users\Clean\Desktop\Automacao_OS\.venv\Lib\site-packages\playwright\_impl\_locator.py", line 460, in hover
    return await self._frame.hover(
           ^^^^^^^^^^^^^^^^^^^^^^^^
    ...<3 lines>...
    )
    ^
  File "C:\Users\Clean\Desktop\Automacao_OS\.venv\Lib\site-packages\playwright\_impl\_frame.py", line 741, in hover
    await self._channel.send("hover", self._timeout, locals_to_params(locals()))
  File "C:\Users\Clean\Desktop\Automacao_OS\.venv\Lib\site-packages\playwright\_impl\_connection.py", line 69, in send
    return await self._connection.wrap_api_call(
           ^^^^^^^^^^^^^^^^^^^^^^^^^^^^^^^^^^^^^
    ...<3 lines>...
    )
    ^
  File "C:\Users\Clean\Desktop\Automacao_OS\.venv\Lib\site-packages\playwright\_impl\_connection.py", line 559, in wrap_api_call
    raise rewrite_error(error, f"{parsed_st['apiName']}: {error}") from None
playwright._impl._errors.TimeoutError: Locator.hover: Timeout 30000ms exceeded.
Call log:
  - waiting for get_by_text("text=Serviços")

2026-01-03 12:06:58,670 | INFO | Iniciando consulta da OS: 7374.0745.000943690/2025.01.01
2026-01-03 12:07:29,203 | ERROR | Erro ao consultar OS 7374.0745.000943690/2025.01.01: Locator.hover: Timeout 30000ms exceeded.
Call log:
  - waiting for get_by_text("text=Serviços")
Traceback (most recent call last):
  File "c:\Users\Clean\Desktop\Automacao_OS\automacao_os.py", line 298, in <module>
    abrir_menu_e_navegar(page)
    ~~~~~~~~~~~~~~~~~~~~^^^^^^
  File "c:\Users\Clean\Desktop\Automacao_OS\automacao_os.py", line 101, in abrir_menu_e_navegar
    frame.get_by_text(Locators_SIOPI["submenu_servicos"]).hover()
    ~~~~~~~~~~~~~~~~~~~~~~~~~~~~~~~~~~~~~~~~~~~~~~~~~~~~~~~~~~~^^
  File "C:\Users\Clean\Desktop\Automacao_OS\.venv\Lib\site-packages\playwright\sync_api\_generated.py", line 17041, in hover
    self._sync(
    ~~~~~~~~~~^
        self._impl_obj.hover(
        ^^^^^^^^^^^^^^^^^^^^^
    ...<6 lines>...
        )
        ^
    )
    ^
  File "C:\Users\Clean\Desktop\Automacao_OS\.venv\Lib\site-packages\playwright\_impl\_sync_base.py", line 115, in _sync
    return task.result()
           ~~~~~~~~~~~^^
  File "C:\Users\Clean\Desktop\Automacao_OS\.venv\Lib\site-packages\playwright\_impl\_locator.py", line 460, in hover
    return await self._frame.hover(
           ^^^^^^^^^^^^^^^^^^^^^^^^
    ...<3 lines>...
    )
    ^
  File "C:\Users\Clean\Desktop\Automacao_OS\.venv\Lib\site-packages\playwright\_impl\_frame.py", line 741, in hover
    await self._channel.send("hover", self._timeout, locals_to_params(locals()))
  File "C:\Users\Clean\Desktop\Automacao_OS\.venv\Lib\site-packages\playwright\_impl\_connection.py", line 69, in send
    return await self._connection.wrap_api_call(
           ^^^^^^^^^^^^^^^^^^^^^^^^^^^^^^^^^^^^^
    ...<3 lines>...
    )
    ^
  File "C:\Users\Clean\Desktop\Automacao_OS\.venv\Lib\site-packages\playwright\_impl\_connection.py", line 559, in wrap_api_call
    raise rewrite_error(error, f"{parsed_st['apiName']}: {error}") from None
playwright._impl._errors.TimeoutError: Locator.hover: Timeout 30000ms exceeded.
Call log:
  - waiting for get_by_text("text=Serviços")

2026-01-03 12:07:29,206 | INFO | Iniciando consulta da OS: 7374.0745.000955499/2025.01.01
2026-01-03 12:07:59,754 | ERROR | Erro ao consultar OS 7374.0745.000955499/2025.01.01: Locator.hover: Timeout 30000ms exceeded.
Call log:
  - waiting for get_by_text("text=Serviços")
Traceback (most recent call last):
  File "c:\Users\Clean\Desktop\Automacao_OS\automacao_os.py", line 298, in <module>
    abrir_menu_e_navegar(page)
    ~~~~~~~~~~~~~~~~~~~~^^^^^^
  File "c:\Users\Clean\Desktop\Automacao_OS\automacao_os.py", line 101, in abrir_menu_e_navegar
    frame.get_by_text(Locators_SIOPI["submenu_servicos"]).hover()
    ~~~~~~~~~~~~~~~~~~~~~~~~~~~~~~~~~~~~~~~~~~~~~~~~~~~~~~~~~~~^^
  File "C:\Users\Clean\Desktop\Automacao_OS\.venv\Lib\site-packages\playwright\sync_api\_generated.py", line 17041, in hover
    self._sync(
    ~~~~~~~~~~^
        self._impl_obj.hover(
        ^^^^^^^^^^^^^^^^^^^^^
    ...<6 lines>...
        )
        ^
    )
    ^
  File "C:\Users\Clean\Desktop\Automacao_OS\.venv\Lib\site-packages\playwright\_impl\_sync_base.py", line 115, in _sync
    return task.result()
           ~~~~~~~~~~~^^
  File "C:\Users\Clean\Desktop\Automacao_OS\.venv\Lib\site-packages\playwright\_impl\_locator.py", line 460, in hover
    return await self._frame.hover(
           ^^^^^^^^^^^^^^^^^^^^^^^^
    ...<3 lines>...
    )
    ^
  File "C:\Users\Clean\Desktop\Automacao_OS\.venv\Lib\site-packages\playwright\_impl\_frame.py", line 741, in hover
    await self._channel.send("hover", self._timeout, locals_to_params(locals()))
  File "C:\Users\Clean\Desktop\Automacao_OS\.venv\Lib\site-packages\playwright\_impl\_connection.py", line 69, in send
    return await self._connection.wrap_api_call(
           ^^^^^^^^^^^^^^^^^^^^^^^^^^^^^^^^^^^^^
    ...<3 lines>...
    )
    ^
  File "C:\Users\Clean\Desktop\Automacao_OS\.venv\Lib\site-packages\playwright\_impl\_connection.py", line 559, in wrap_api_call
    raise rewrite_error(error, f"{parsed_st['apiName']}: {error}") from None
playwright._impl._errors.TimeoutError: Locator.hover: Timeout 30000ms exceeded.
Call log:
  - waiting for get_by_text("text=Serviços")

2026-01-03 12:07:59,756 | INFO | Iniciando consulta da OS: 7374.0745.000933085/2025.01.01
2026-01-03 12:08:09,577 | ERROR | Erro ao consultar OS 7374.0745.000933085/2025.01.01: Locator.hover: Target page, context or browser has been closed
Call log:
  - waiting for get_by_text("text=Serviços")
Traceback (most recent call last):
  File "c:\Users\Clean\Desktop\Automacao_OS\automacao_os.py", line 298, in <module>
    abrir_menu_e_navegar(page)
    ~~~~~~~~~~~~~~~~~~~~^^^^^^
  File "c:\Users\Clean\Desktop\Automacao_OS\automacao_os.py", line 101, in abrir_menu_e_navegar
    frame.get_by_text(Locators_SIOPI["submenu_servicos"]).hover()
    ~~~~~~~~~~~~~~~~~~~~~~~~~~~~~~~~~~~~~~~~~~~~~~~~~~~~~~~~~~~^^
  File "C:\Users\Clean\Desktop\Automacao_OS\.venv\Lib\site-packages\playwright\sync_api\_generated.py", line 17041, in hover
    self._sync(
    ~~~~~~~~~~^
        self._impl_obj.hover(
        ^^^^^^^^^^^^^^^^^^^^^
    ...<6 lines>...
        )
        ^
    )
    ^
  File "C:\Users\Clean\Desktop\Automacao_OS\.venv\Lib\site-packages\playwright\_impl\_sync_base.py", line 115, in _sync
    return task.result()
           ~~~~~~~~~~~^^
  File "C:\Users\Clean\Desktop\Automacao_OS\.venv\Lib\site-packages\playwright\_impl\_locator.py", line 460, in hover
    return await self._frame.hover(
           ^^^^^^^^^^^^^^^^^^^^^^^^
    ...<3 lines>...
    )
    ^
  File "C:\Users\Clean\Desktop\Automacao_OS\.venv\Lib\site-packages\playwright\_impl\_frame.py", line 741, in hover
    await self._channel.send("hover", self._timeout, locals_to_params(locals()))
  File "C:\Users\Clean\Desktop\Automacao_OS\.venv\Lib\site-packages\playwright\_impl\_connection.py", line 69, in send
    return await self._connection.wrap_api_call(
           ^^^^^^^^^^^^^^^^^^^^^^^^^^^^^^^^^^^^^
    ...<3 lines>...
    )
    ^
  File "C:\Users\Clean\Desktop\Automacao_OS\.venv\Lib\site-packages\playwright\_impl\_connection.py", line 559, in wrap_api_call
    raise rewrite_error(error, f"{parsed_st['apiName']}: {error}") from None
playwright._impl._errors.TargetClosedError: Locator.hover: Target page, context or browser has been closed
Call log:
  - waiting for get_by_text("text=Serviços")

2026-01-03 12:08:09,581 | INFO | Iniciando consulta da OS: 7374.0745.000945246/2025.01.01
2026-01-03 12:08:09,584 | ERROR | Erro ao consultar OS 7374.0745.000945246/2025.01.01: Frame.wait_for_selector: Target page, context or browser has been closed
Traceback (most recent call last):
  File "c:\Users\Clean\Desktop\Automacao_OS\automacao_os.py", line 298, in <module>
    abrir_menu_e_navegar(page)
    ~~~~~~~~~~~~~~~~~~~~^^^^^^
  File "c:\Users\Clean\Desktop\Automacao_OS\automacao_os.py", line 97, in abrir_menu_e_navegar
    frame.wait_for_selector(Locators_SIOPI["menu"], timeout=Timeouts["PADRAO"])
    ~~~~~~~~~~~~~~~~~~~~~~~^^^^^^^^^^^^^^^^^^^^^^^^^^^^^^^^^^^^^^^^^^^^^^^^^^^^
  File "C:\Users\Clean\Desktop\Automacao_OS\.venv\Lib\site-packages\playwright\sync_api\_generated.py", line 3792, in wait_for_selector
    self._sync(
    ~~~~~~~~~~^
        self._impl_obj.wait_for_selector(
        ^^^^^^^^^^^^^^^^^^^^^^^^^^^^^^^^^
            selector=selector, strict=strict, timeout=timeout, state=state
            ^^^^^^^^^^^^^^^^^^^^^^^^^^^^^^^^^^^^^^^^^^^^^^^^^^^^^^^^^^^^^^
        )
        ^
    )
    ^
  File "C:\Users\Clean\Desktop\Automacao_OS\.venv\Lib\site-packages\playwright\_impl\_sync_base.py", line 115, in _sync
    return task.result()
           ~~~~~~~~~~~^^
  File "C:\Users\Clean\Desktop\Automacao_OS\.venv\Lib\site-packages\playwright\_impl\_frame.py", line 369, in wait_for_selector
    await self._channel.send(
        "waitForSelector", self._timeout, locals_to_params(locals())
    )
  File "C:\Users\Clean\Desktop\Automacao_OS\.venv\Lib\site-packages\playwright\_impl\_connection.py", line 69, in send
    return await self._connection.wrap_api_call(
           ^^^^^^^^^^^^^^^^^^^^^^^^^^^^^^^^^^^^^
    ...<3 lines>...
    )
    ^
  File "C:\Users\Clean\Desktop\Automacao_OS\.venv\Lib\site-packages\playwright\_impl\_connection.py", line 559, in wrap_api_call
    raise rewrite_error(error, f"{parsed_st['apiName']}: {error}") from None
playwright._impl._errors.TargetClosedError: Frame.wait_for_selector: Target page, context or browser has been closed
2026-01-03 12:08:09,598 | INFO | Iniciando consulta da OS: 7374.0745.000958371/2025.01.01
2026-01-03 12:08:09,635 | ERROR | Erro ao consultar OS 7374.0745.000958371/2025.01.01: Frame.wait_for_selector: Target page, context or browser has been closed
Traceback (most recent call last):
  File "c:\Users\Clean\Desktop\Automacao_OS\automacao_os.py", line 298, in <module>
    abrir_menu_e_navegar(page)
    ~~~~~~~~~~~~~~~~~~~~^^^^^^
  File "c:\Users\Clean\Desktop\Automacao_OS\automacao_os.py", line 97, in abrir_menu_e_navegar
    frame.wait_for_selector(Locators_SIOPI["menu"], timeout=Timeouts["PADRAO"])
    ~~~~~~~~~~~~~~~~~~~~~~~^^^^^^^^^^^^^^^^^^^^^^^^^^^^^^^^^^^^^^^^^^^^^^^^^^^^
  File "C:\Users\Clean\Desktop\Automacao_OS\.venv\Lib\site-packages\playwright\sync_api\_generated.py", line 3792, in wait_for_selector
    self._sync(
    ~~~~~~~~~~^
        self._impl_obj.wait_for_selector(
        ^^^^^^^^^^^^^^^^^^^^^^^^^^^^^^^^^
            selector=selector, strict=strict, timeout=timeout, state=state
            ^^^^^^^^^^^^^^^^^^^^^^^^^^^^^^^^^^^^^^^^^^^^^^^^^^^^^^^^^^^^^^
        )
        ^
    )
    ^
  File "C:\Users\Clean\Desktop\Automacao_OS\.venv\Lib\site-packages\playwright\_impl\_sync_base.py", line 115, in _sync
    return task.result()
           ~~~~~~~~~~~^^
  File "C:\Users\Clean\Desktop\Automacao_OS\.venv\Lib\site-packages\playwright\_impl\_frame.py", line 369, in wait_for_selector
    await self._channel.send(
        "waitForSelector", self._timeout, locals_to_params(locals())
    )
  File "C:\Users\Clean\Desktop\Automacao_OS\.venv\Lib\site-packages\playwright\_impl\_connection.py", line 69, in send
    return await self._connection.wrap_api_call(
           ^^^^^^^^^^^^^^^^^^^^^^^^^^^^^^^^^^^^^
    ...<3 lines>...
    )
    ^
  File "C:\Users\Clean\Desktop\Automacao_OS\.venv\Lib\site-packages\playwright\_impl\_connection.py", line 559, in wrap_api_call
    raise rewrite_error(error, f"{parsed_st['apiName']}: {error}") from None
playwright._impl._errors.TargetClosedError: Frame.wait_for_selector: Target page, context or browser has been closed
2026-01-03 12:11:26,222 | INFO | Início da execução.
2026-01-03 12:11:49,145 | INFO | Iniciando consulta da OS: 7374.0745.001031011/2025.01.01
2026-01-03 12:12:01,672 | INFO | [SIOPI] Finalizando consulta da OS 7374.0745.001031011/2025.01.01. Tentando recarregar página.
2026-01-03 12:12:04,328 | INFO | [SIOPI] Reload executado com sucesso após OS: 7374.0745.001031011/2025.01.01
2026-01-03 12:12:04,329 | INFO | [CHECKPOINT] OS 7374.0745.001031011/2025.01.01 | Cliente: JOSE EDUARDO DOURADO MACHADO | Matrícula: 7999 | Status: O atendimento da Ordem de Serviço foi confirmado pela empresa engenharia. Aguardando entrega do Laudo de Avaliação.
2026-01-03 12:12:04,329 | INFO | Iniciando consulta da OS: 7374.0745.001037363/2025.01.01
2026-01-03 12:12:16,977 | INFO | [SIOPI] Finalizando consulta da OS 7374.0745.001037363/2025.01.01. Tentando recarregar página.
2026-01-03 12:12:20,417 | INFO | [SIOPI] Reload executado com sucesso após OS: 7374.0745.001037363/2025.01.01
2026-01-03 12:12:20,417 | INFO | [CHECKPOINT] OS 7374.0745.001037363/2025.01.01 | Cliente: MARIA TAMIRES DE VASCONCELOS LIMA | Matrícula: 6705 | Status: O atendimento da Ordem de Serviço foi confirmado pela empresa engenharia. Aguardando entrega do Laudo de Avaliação.
2026-01-03 12:12:20,418 | INFO | Iniciando consulta da OS: 7374.0745.001030912/2025.01.01
2026-01-03 12:12:33,393 | INFO | [SIOPI] Finalizando consulta da OS 7374.0745.001030912/2025.01.01. Tentando recarregar página.
2026-01-03 12:12:36,932 | INFO | [SIOPI] Reload executado com sucesso após OS: 7374.0745.001030912/2025.01.01
2026-01-03 12:12:36,932 | INFO | [CHECKPOINT] OS 7374.0745.001030912/2025.01.01 | Cliente: ANA BEATRIZ PEREIRA DA ROCHA | Matrícula: 7998 | Status: O atendimento da Ordem de Serviço foi confirmado pela empresa engenharia. Aguardando entrega do Laudo de Avaliação.
2026-01-03 12:12:36,933 | INFO | Iniciando consulta da OS: 7374.0745.001030944/2025.01.01
2026-01-03 12:12:50,636 | INFO | [SIOPI] Finalizando consulta da OS 7374.0745.001030944/2025.01.01. Tentando recarregar página.
2026-01-03 12:12:53,524 | INFO | [SIOPI] Reload executado com sucesso após OS: 7374.0745.001030944/2025.01.01
2026-01-03 12:12:53,525 | INFO | [CHECKPOINT] OS 7374.0745.001030944/2025.01.01 | Cliente: DICIANE MAGALHAES DE ARAUJO | Matrícula: 7972 | Status: O atendimento da Ordem de Serviço foi confirmado pela empresa engenharia. Aguardando entrega do Laudo de Avaliação.
2026-01-03 12:12:53,525 | INFO | Iniciando consulta da OS: 7374.0745.000000840/2026.01.01
2026-01-03 12:13:06,172 | INFO | [SIOPI] Finalizando consulta da OS 7374.0745.000000840/2026.01.01. Tentando recarregar página.
2026-01-03 12:13:09,118 | INFO | [SIOPI] Reload executado com sucesso após OS: 7374.0745.000000840/2026.01.01
2026-01-03 12:13:09,118 | INFO | [CHECKPOINT] OS 7374.0745.000000840/2026.01.01 | Cliente: ANANDREY CUNHA | Matrícula: 7907 | Status: O atendimento da Ordem de Serviço foi confirmado pela empresa engenharia. Aguardando entrega do Laudo de Avaliação.
